d(g/cm2) R(GV)          p1          p2          p3          p4          p5          p6          p7          p8          p9          p*
   0.765   1.0   1.538E-01  -1.889E-02   1.265E+00   4.680E-02  -4.357E-02   3.242E-01   1.000E+00   0.000E+00   1.265E+00   3.242E-01
   0.765   3.0   1.365E-01   6.736E-03  -3.119E-01   4.572E-02  -4.261E-02   3.225E-01   1.000E+00   0.000E+00  -3.119E-01   3.225E-01
   0.765   5.0   1.339E-01   1.120E-02  -7.969E-02   4.533E-02  -4.231E-02   3.222E-01   1.000E+00   0.000E+00  -7.969E-02   3.222E-01
   0.765   7.0   1.315E-01   1.529E-02   4.322E-02   4.471E-02  -4.179E-02   3.227E-01   1.000E+00   0.000E+00   4.322E-02   3.227E-01
   0.765  10.0   1.288E-01   2.029E-02   1.550E-01   4.453E-02  -4.174E-02   3.207E-01   1.000E+00   0.000E+00   1.550E-01   3.207E-01
   0.765  15.0   1.256E-01   2.588E-02   2.390E-01   4.442E-02  -4.173E-02   3.172E-01   1.000E+00   0.000E+00   2.390E-01   3.172E-01
   0.765  20.0   1.238E-01   2.922E-02   2.820E-01   4.487E-02  -4.229E-02   3.132E-01   1.000E+00   0.000E+00   2.820E-01   3.132E-01
   1.901   1.0   1.423E-01  -2.220E-02   8.418E-01   7.754E-02  -6.795E-02   4.057E-01   1.000E+00   0.000E+00   8.418E-01   4.057E-01
   1.901   3.0   1.375E-01  -1.332E-02   1.054E+00   7.542E-02  -6.609E-02   4.074E-01   1.000E+00   0.000E+00   1.054E+00   4.074E-01
   1.901   5.0   1.344E-01  -7.991E-03   1.664E+00   7.401E-02  -6.481E-02   4.086E-01   1.000E+00   0.000E+00   1.664E+00   4.086E-01
   1.901   7.0   1.332E-01  -5.922E-03   3.651E+00   7.248E-02  -6.342E-02   4.100E-01   1.000E+00   0.000E+00   3.651E+00   4.100E-01
   1.901  10.0   1.290E-01   2.662E-03  -2.589E-01   7.074E-02  -6.182E-02   4.113E-01   1.000E+00   0.000E+00  -2.589E-01   4.113E-01
   1.901  15.0   1.286E-01   5.568E-03   2.524E-01   6.843E-02  -5.953E-02   4.157E-01   1.000E+00   0.000E+00   2.524E-01   4.157E-01
   1.901  20.0   1.288E-01   6.828E-03   4.734E-01   6.649E-02  -5.758E-02   4.207E-01   1.000E+00   0.000E+00   4.734E-01   4.207E-01
   4.091   1.0   1.260E-01  -2.197E-02   7.954E-01   9.879E-02  -7.884E-02   4.871E-01   1.000E+00   0.000E+00   7.954E-01   4.871E-01
   4.091   3.0   1.224E-01  -1.501E-02   9.422E-01   9.659E-02  -7.710E-02   4.875E-01   1.000E+00   0.000E+00   9.422E-01   4.875E-01
   4.091   5.0   1.201E-01  -1.037E-02   1.175E+00   9.515E-02  -7.591E-02   4.873E-01   1.000E+00   0.000E+00   1.175E+00   4.873E-01
   4.091   7.0   1.187E-01  -7.609E-03   1.755E+00   9.377E-02  -7.478E-02   4.867E-01   1.000E+00   0.000E+00   1.755E+00   4.867E-01
   4.091  10.0   1.180E-01  -5.660E-03   3.349E+00   9.222E-02  -7.349E-02   4.860E-01   1.000E+00   0.000E+00   3.349E+00   4.860E-01
   4.091  15.0   1.151E-01   1.622E-03  -3.282E-01   8.997E-02  -7.132E-02   4.862E-01   1.000E+00   0.000E+00  -3.282E-01   4.862E-01
   4.091  20.0   1.147E-01   3.250E-03  -6.289E-03   8.850E-02  -6.988E-02   4.861E-01   1.000E+00   0.000E+00  -6.289E-03   4.861E-01
   9.503   1.0   1.066E-01  -2.023E-02   7.845E-01   1.070E-01  -6.912E-02   6.142E-01   1.000E+00   0.000E+00   7.845E-01   6.142E-01
   9.503   3.0   1.050E-01  -1.593E-02   8.700E-01   1.056E-01  -6.859E-02   6.064E-01   1.000E+00   0.000E+00   8.700E-01   6.064E-01
   9.503   5.0   1.039E-01  -1.288E-02   9.481E-01   1.048E-01  -6.834E-02   6.018E-01   1.000E+00   0.000E+00   9.481E-01   6.018E-01
   9.503   7.0   1.032E-01  -1.078E-02   1.048E+00   1.043E-01  -6.838E-02   5.948E-01   1.000E+00   0.000E+00   1.048E+00   5.948E-01
   9.503  10.0   1.026E-01  -8.670E-03   1.193E+00   1.039E-01  -6.854E-02   5.872E-01   1.000E+00   0.000E+00   1.193E+00   5.872E-01
   9.503  15.0   1.021E-01  -6.719E-03   1.516E+00   1.036E-01  -6.862E-02   5.747E-01   1.000E+00   0.000E+00   1.516E+00   5.747E-01
   9.503  20.0   1.020E-01  -5.816E-03   1.658E+00   1.037E-01  -6.907E-02   5.645E-01   1.000E+00   0.000E+00   1.658E+00   5.645E-01
  17.103   1.0   9.517E-02  -1.854E-02   8.059E-01   1.003E-01  -4.750E-02   8.318E-01   1.000E+00   0.000E+00   8.059E-01   8.318E-01
  17.103   3.0   9.449E-02  -1.575E-02   8.844E-01   9.945E-02  -4.789E-02   8.200E-01   1.000E+00   0.000E+00   8.844E-01   8.200E-01
  17.103   5.0   9.388E-02  -1.359E-02   9.609E-01   9.901E-02  -4.824E-02   8.075E-01   1.000E+00   0.000E+00   9.609E-01   8.075E-01
  17.103   7.0   9.348E-02  -1.207E-02   1.045E+00   9.875E-02  -4.866E-02   7.979E-01   1.000E+00   0.000E+00   1.045E+00   7.979E-01
  17.103  10.0   9.304E-02  -1.042E-02   1.188E+00   9.850E-02  -4.921E-02   7.889E-01   1.000E+00   0.000E+00   1.188E+00   7.889E-01
  17.103  15.0   9.257E-02  -8.812E-03   1.462E+00   9.796E-02  -4.936E-02   7.828E-01   1.000E+00   0.000E+00   1.462E+00   7.828E-01
  17.103  20.0   9.261E-02  -8.130E-03   1.609E+00   9.743E-02  -4.940E-02   7.854E-01   1.000E+00   0.000E+00   1.609E+00   7.854E-01
  31.263   1.0   8.726E-02  -1.746E-02   7.610E-01   9.153E-02  -2.345E-02   1.422E+00   1.000E+00   0.000E+00   7.610E-01   1.422E+00
  31.263   3.0   8.721E-02  -1.586E-02   8.026E-01   9.142E-02  -2.493E-02   1.344E+00   1.000E+00   0.000E+00   8.026E-01   1.344E+00
  31.263   5.0   8.707E-02  -1.454E-02   8.283E-01   9.136E-02  -2.588E-02   1.296E+00   1.000E+00   0.000E+00   8.283E-01   1.296E+00
  31.263   7.0   8.710E-02  -1.366E-02   8.425E-01   9.151E-02  -2.689E-02   1.241E+00   1.000E+00   0.000E+00   8.425E-01   1.241E+00
  31.263  10.0   8.712E-02  -1.270E-02   8.611E-01   9.164E-02  -2.798E-02   1.195E+00   1.000E+00   0.000E+00   8.611E-01   1.195E+00
  31.263  15.0   8.713E-02  -1.175E-02   8.895E-01   9.198E-02  -2.914E-02   1.128E+00   1.000E+00   0.000E+00   8.895E-01   1.128E+00
  31.263  20.0   8.725E-02  -1.122E-02   8.939E-01   9.227E-02  -3.005E-02   1.088E+00   1.000E+00   0.000E+00   8.939E-01   1.088E+00
  49.983   1.0   8.285E-02  -1.656E-02   7.558E-01   8.361E-02   1.500E-02   8.034E-01   3.500E-01   7.987E-02   7.558E-01   8.034E-01
  49.983   3.0   8.306E-02  -1.560E-02   7.882E-01   8.402E-02   1.208E-02   7.866E-01   3.500E-01   7.802E-02   7.882E-01   7.866E-01
  49.983   5.0   8.310E-02  -1.468E-02   8.087E-01   8.288E-02   1.947E-02   7.594E-01   2.500E-01   7.692E-02   8.087E-01   7.594E-01
  49.983   7.0   8.311E-02  -1.402E-02   8.239E-01   8.295E-02   1.873E-02   7.578E-01   2.500E-01   7.597E-02   8.239E-01   7.578E-01
  49.983  10.0   8.316E-02  -1.330E-02   8.433E-01   8.301E-02   1.757E-02   7.497E-01   2.500E-01   7.492E-02   8.433E-01   7.497E-01
  49.983  15.0   8.321E-02  -1.256E-02   8.706E-01   8.296E-02   1.710E-02   7.638E-01   2.500E-01   7.392E-02   8.706E-01   7.638E-01
  49.983  20.0   8.321E-02  -1.202E-02   8.969E-01   8.287E-02   1.692E-02   7.655E-01   2.500E-01   7.319E-02   8.969E-01   7.655E-01
  67.763   1.0   8.072E-02  -1.615E-02   7.447E-01   8.113E-02   1.943E-02   8.486E-01   4.500E-01   8.641E-02   7.447E-01   8.486E-01
  67.763   3.0   8.121E-02  -1.564E-02   7.554E-01   8.162E-02   1.665E-02   8.306E-01   4.500E-01   8.441E-02   7.554E-01   8.306E-01
  67.763   5.0   8.133E-02  -1.498E-02   7.691E-01   8.189E-02   1.495E-02   8.183E-01   4.500E-01   8.312E-02   7.691E-01   8.183E-01
  67.763   7.0   8.144E-02  -1.450E-02   7.790E-01   8.214E-02   1.366E-02   8.117E-01   4.500E-01   8.211E-02   7.790E-01   8.117E-01
  67.763  10.0   8.163E-02  -1.405E-02   7.857E-01   8.241E-02   1.214E-02   7.949E-01   4.500E-01   8.097E-02   7.857E-01   7.949E-01
  67.763  15.0   8.195E-02  -1.369E-02   7.923E-01   8.170E-02   1.679E-02   8.077E-01   3.500E-01   7.986E-02   7.923E-01   8.077E-01
  67.763  20.0   8.222E-02  -1.354E-02   7.954E-01   8.194E-02   1.536E-02   7.871E-01   3.500E-01   7.896E-02   7.954E-01   7.871E-01
  92.163   1.0   7.884E-02  -1.560E-02   7.223E-01   7.838E-02   1.929E-02   6.666E-01   7.500E-01   9.295E-02   7.223E-01   6.666E-01
  92.163   3.0   7.931E-02  -1.522E-02   7.355E-01   7.912E-02   1.841E-02   7.249E-01   6.500E-01   9.085E-02   7.355E-01   7.249E-01
  92.163   5.0   7.951E-02  -1.472E-02   7.402E-01   7.941E-02   1.664E-02   6.878E-01   6.500E-01   8.949E-02   7.402E-01   6.878E-01
  92.163   7.0   7.971E-02  -1.440E-02   7.365E-01   7.962E-02   1.525E-02   6.498E-01   6.500E-01   8.848E-02   7.365E-01   6.498E-01
  92.163  10.0   7.998E-02  -1.403E-02   7.262E-01   7.978E-02   1.384E-02   6.055E-01   6.500E-01   8.742E-02   7.262E-01   6.055E-01
  92.163  15.0   8.050E-02  -1.385E-02   6.942E-01   7.953E-02   1.285E-02   5.363E-01   6.500E-01   8.637E-02   6.942E-01   5.363E-01
  92.163  20.0   8.090E-02  -1.373E-02   6.634E-01   7.935E-02   1.216E-02   4.844E-01   6.500E-01   8.564E-02   6.634E-01   4.844E-01
 125.563   1.0   7.709E-02  -1.502E-02   7.436E-01   7.663E-02   2.426E-02   7.294E-01   1.000E+00   0.000E+00   7.436E-01   7.294E-01
 125.563   3.0   7.756E-02  -1.482E-02   7.542E-01   7.730E-02   2.141E-02   6.832E-01   1.000E+00   0.000E+00   7.542E-01   6.832E-01
 125.563   5.0   7.781E-02  -1.451E-02   7.566E-01   7.771E-02   1.951E-02   6.427E-01   1.000E+00   0.000E+00   7.566E-01   6.427E-01
 125.563   7.0   7.789E-02  -1.420E-02   7.635E-01   7.796E-02   1.817E-02   6.027E-01   1.000E+00   0.000E+00   7.635E-01   6.027E-01
 125.563  10.0   7.792E-02  -1.380E-02   7.790E-01   7.841E-02   1.663E-02   5.753E-01   1.000E+00   0.000E+00   7.790E-01   5.753E-01
 125.563  15.0   7.793E-02  -1.336E-02   8.079E-01   7.951E-02   1.428E-02   5.710E-01   1.000E+00   0.000E+00   8.079E-01   5.710E-01
 125.563  20.0   7.815E-02  -1.326E-02   8.136E-01   7.962E-02   1.921E-02   9.225E-01   6.500E-01   9.141E-02   8.136E-01   9.225E-01
 171.163   1.0   7.567E-02  -1.457E-02   7.329E-01   7.506E-02   3.278E-02   9.491E-01   1.000E+00   0.000E+00   7.329E-01   9.491E-01
 171.163   3.0   7.610E-02  -1.446E-02   7.430E-01   7.556E-02   3.008E-02   9.069E-01   1.000E+00   0.000E+00   7.430E-01   9.069E-01
 171.163   5.0   7.637E-02  -1.423E-02   7.458E-01   7.591E-02   2.814E-02   8.749E-01   1.000E+00   0.000E+00   7.458E-01   8.749E-01
 171.163   7.0   7.645E-02  -1.397E-02   7.533E-01   7.610E-02   2.682E-02   8.432E-01   1.000E+00   0.000E+00   7.533E-01   8.432E-01
 171.163  10.0   7.655E-02  -1.367E-02   7.608E-01   7.638E-02   2.540E-02   8.189E-01   1.000E+00   0.000E+00   7.608E-01   8.189E-01
 171.163  15.0   7.663E-02  -1.332E-02   7.774E-01   7.675E-02   2.373E-02   7.909E-01   1.000E+00   0.000E+00   7.774E-01   7.909E-01
 171.163  20.0   7.669E-02  -1.310E-02   7.877E-01   7.700E-02   2.253E-02   7.644E-01   1.000E+00   0.000E+00   7.877E-01   7.644E-01
 233.563   1.0   7.469E-02  -1.443E-02   7.009E-01   7.392E-02   4.168E-02   1.191E+00   1.000E+00   0.000E+00   7.009E-01   1.191E+00
 233.563   3.0   7.514E-02  -1.444E-02   7.027E-01   7.418E-02   3.924E-02   1.142E+00   1.000E+00   0.000E+00   7.027E-01   1.142E+00
 233.563   5.0   7.547E-02  -1.433E-02   7.027E-01   7.438E-02   3.737E-02   1.109E+00   1.000E+00   0.000E+00   7.027E-01   1.109E+00
 233.563   7.0   7.568E-02  -1.423E-02   7.015E-01   7.448E-02   3.610E-02   1.080E+00   1.000E+00   0.000E+00   7.015E-01   1.080E+00
 233.563  10.0   7.594E-02  -1.415E-02   7.004E-01   7.456E-02   3.485E-02   1.054E+00   1.000E+00   0.000E+00   7.004E-01   1.054E+00
 233.563  15.0   7.646E-02  -1.429E-02   6.840E-01   7.456E-02   3.356E-02   1.019E+00   1.000E+00   0.000E+00   6.840E-01   1.019E+00
 233.563  20.0   7.690E-02  -1.449E-02   6.681E-01   7.449E-02   3.270E-02   9.881E-01   1.000E+00   0.000E+00   6.681E-01   9.881E-01
 364.963   1.0   7.264E-02  -1.339E-02   7.205E-01   7.346E-02   5.410E-02   1.595E+00   1.000E+00   0.000E+00   7.205E-01   1.595E+00
 364.963   3.0   7.298E-02  -1.346E-02   7.206E-01   7.351E-02   5.209E-02   1.541E+00   1.000E+00   0.000E+00   7.206E-01   1.541E+00
 364.963   5.0   7.324E-02  -1.337E-02   7.242E-01   7.368E-02   5.020E-02   1.509E+00   1.000E+00   0.000E+00   7.242E-01   1.509E+00
 364.963   7.0   7.339E-02  -1.326E-02   7.307E-01   7.378E-02   4.886E-02   1.485E+00   1.000E+00   0.000E+00   7.307E-01   1.485E+00
 364.963  10.0   7.359E-02  -1.321E-02   7.364E-01   7.382E-02   4.753E-02   1.455E+00   1.000E+00   0.000E+00   7.364E-01   1.455E+00
 364.963  15.0   7.379E-02  -1.310E-02   7.408E-01   7.378E-02   4.618E-02   1.415E+00   1.000E+00   0.000E+00   7.408E-01   1.415E+00
 364.963  20.0   7.369E-02  -1.280E-02   7.690E-01   7.370E-02   4.526E-02   1.381E+00   1.000E+00   0.000E+00   7.690E-01   1.381E+00
 483.563   1.0   7.234E-02  -1.357E-02   6.678E-01   7.335E-02   6.183E-02   1.858E+00   1.000E+00   0.000E+00   6.678E-01   1.858E+00
 483.563   3.0   7.256E-02  -1.360E-02   6.704E-01   7.347E-02   6.005E-02   1.820E+00   1.000E+00   0.000E+00   6.704E-01   1.820E+00
 483.563   5.0   7.290E-02  -1.368E-02   6.690E-01   7.362E-02   5.815E-02   1.787E+00   1.000E+00   0.000E+00   6.690E-01   1.787E+00
 483.563   7.0   7.319E-02  -1.376E-02   6.641E-01   7.364E-02   5.686E-02   1.757E+00   1.000E+00   0.000E+00   6.641E-01   1.757E+00
 483.563  10.0   7.363E-02  -1.397E-02   6.529E-01   7.370E-02   5.545E-02   1.730E+00   1.000E+00   0.000E+00   6.529E-01   1.730E+00
 483.563  15.0   7.435E-02  -1.441E-02   6.247E-01   7.358E-02   5.405E-02   1.684E+00   1.000E+00   0.000E+00   6.247E-01   1.684E+00
 483.563  20.0   7.493E-02  -1.484E-02   6.060E-01   7.337E-02   5.322E-02   1.644E+00   1.000E+00   0.000E+00   6.060E-01   1.644E+00
 631.563   1.0   7.099E-02  -1.242E-02   6.527E-01   7.393E-02   6.901E-02   2.168E+00   1.000E+00   0.000E+00   6.527E-01   2.168E+00
 631.563   3.0   7.115E-02  -1.245E-02   6.511E-01   7.401E-02   6.763E-02   2.135E+00   1.000E+00   0.000E+00   6.511E-01   2.135E+00
 631.563   5.0   7.140E-02  -1.244E-02   6.422E-01   7.419E-02   6.585E-02   2.110E+00   1.000E+00   0.000E+00   6.422E-01   2.110E+00
 631.563   7.0   7.156E-02  -1.238E-02   6.332E-01   7.434E-02   6.458E-02   2.095E+00   1.000E+00   0.000E+00   6.332E-01   2.095E+00
 631.563  10.0   7.165E-02  -1.219E-02   6.241E-01   7.451E-02   6.328E-02   2.082E+00   1.000E+00   0.000E+00   6.241E-01   2.082E+00
 631.563  15.0   7.169E-02  -1.183E-02   6.041E-01   7.478E-02   6.194E-02   2.081E+00   1.000E+00   0.000E+00   6.041E-01   2.081E+00
 631.563  20.0   7.149E-02  -1.133E-02   5.950E-01   7.493E-02   6.111E-02   2.077E+00   1.000E+00   0.000E+00   5.950E-01   2.077E+00
 774.683   1.0   6.771E-02  -9.973E-03   1.082E+00   7.388E-02   7.412E-02   2.316E+00   1.000E+00   0.000E+00   1.082E+00   2.316E+00
 774.683   3.0   6.776E-02  -9.957E-03   1.097E+00   7.390E-02   7.309E-02   2.285E+00   1.000E+00   0.000E+00   1.097E+00   2.285E+00
 774.683   5.0   6.771E-02  -9.726E-03   1.149E+00   7.403E-02   7.142E-02   2.255E+00   1.000E+00   0.000E+00   1.149E+00   2.255E+00
 774.683   7.0   6.764E-02  -9.502E-03   1.200E+00   7.422E-02   7.008E-02   2.242E+00   1.000E+00   0.000E+00   1.200E+00   2.242E+00
 774.683  10.0   6.738E-02  -9.024E-03   1.300E+00   7.435E-02   6.866E-02   2.216E+00   1.000E+00   0.000E+00   1.300E+00   2.216E+00
 774.683  15.0   6.713E-02  -8.490E-03   1.419E+00   7.466E-02   6.718E-02   2.219E+00   1.000E+00   0.000E+00   1.419E+00   2.219E+00
 774.683  20.0   6.705E-02  -8.166E-03   1.464E+00   7.471E-02   6.622E-02   2.199E+00   1.000E+00   0.000E+00   1.464E+00   2.199E+00
 897.803   1.0   6.784E-02  -1.103E-02   8.361E-01   7.116E-02   8.365E-02   2.197E+00   1.000E+00   0.000E+00   8.361E-01   2.197E+00
 897.803   3.0   6.801E-02  -1.112E-02   8.274E-01   7.109E-02   8.274E-02   2.163E+00   1.000E+00   0.000E+00   8.274E-01   2.163E+00
 897.803   5.0   6.810E-02  -1.103E-02   8.351E-01   7.093E-02   8.121E-02   2.105E+00   1.000E+00   0.000E+00   8.351E-01   2.105E+00
 897.803   7.0   6.820E-02  -1.098E-02   8.433E-01   7.071E-02   8.014E-02   2.057E+00   1.000E+00   0.000E+00   8.433E-01   2.057E+00
 897.803  10.0   6.831E-02  -1.086E-02   8.476E-01   7.014E-02   7.923E-02   1.978E+00   1.000E+00   0.000E+00   8.476E-01   1.978E+00
 897.803  15.0   6.791E-02  -1.019E-02   9.295E-01   6.893E-02   7.848E-02   1.844E+00   1.000E+00   0.000E+00   9.295E-01   1.844E+00
 897.803  20.0   6.750E-02  -9.494E-03   1.008E+00   6.767E-02   7.834E-02   1.728E+00   1.000E+00   0.000E+00   1.008E+00   1.728E+00
1036.361   1.0   6.987E-02  -1.308E-02   5.967E-01   7.444E-02   8.399E-02   2.639E+00   1.000E+00   0.000E+00   5.967E-01   2.639E+00
1036.361   3.0   6.980E-02  -1.296E-02   6.077E-01   7.445E-02   8.322E-02   2.617E+00   1.000E+00   0.000E+00   6.077E-01   2.617E+00
1036.361   5.0   7.008E-02  -1.309E-02   5.974E-01   7.468E-02   8.135E-02   2.595E+00   1.000E+00   0.000E+00   5.974E-01   2.595E+00
1036.361   7.0   6.947E-02  -1.235E-02   6.560E-01   7.488E-02   7.993E-02   2.585E+00   1.000E+00   0.000E+00   6.560E-01   2.585E+00
1036.361  10.0   6.942E-02  -1.197E-02   6.510E-01   7.510E-02   7.823E-02   2.568E+00   1.000E+00   0.000E+00   6.510E-01   2.568E+00
1036.361  15.0   7.057E-02  -1.272E-02   5.583E-01   7.559E-02   7.582E-02   2.576E+00   1.000E+00   0.000E+00   5.583E-01   2.576E+00
1036.361  20.0   7.132E-02  -1.309E-02   5.039E-01   7.584E-02   7.402E-02   2.567E+00   1.000E+00   0.000E+00   5.039E-01   2.567E+00
