d(g/cm2) R(GV)          p1          p2          p3          p4          p5          p6          p7          p8          p9          p*
   0.765   1.0   1.076E-01  -1.076E-01   2.628E-01   1.436E-01  -9.184E-03   4.500E-01   1.000E+00   0.000E+00   2.628E-01   4.500E-01
   0.765   3.0   1.276E-01  -1.262E-01   2.746E-01   1.418E-01  -1.468E-02   3.819E-01   1.000E+00   0.000E+00   2.746E-01   3.819E-01
   0.765   5.0   1.388E-01  -1.367E-01   2.736E-01   1.414E-01  -1.756E-02   3.561E-01   1.000E+00   0.000E+00   2.736E-01   3.561E-01
   0.765   7.0   1.453E-01  -1.427E-01   2.718E-01   1.408E-01  -1.887E-02   3.430E-01   1.000E+00   0.000E+00   2.718E-01   3.430E-01
   0.765  10.0   1.517E-01  -1.487E-01   2.677E-01   1.406E-01  -2.002E-02   3.303E-01   1.000E+00   0.000E+00   2.677E-01   3.303E-01
   0.765  15.0   1.605E-01  -1.570E-01   2.615E-01   1.408E-01  -2.193E-02   3.044E-01   1.000E+00   0.000E+00   2.615E-01   3.044E-01
   0.765  20.0   1.702E-01  -1.666E-01   2.564E-01   1.414E-01  -2.482E-02   3.054E-01   1.000E+00   0.000E+00   2.564E-01   3.054E-01
   1.901   1.0   8.039E-02  -7.978E-02   3.332E-01   1.464E-01  -1.153E-02   5.498E-01   1.000E+00   0.000E+00   3.332E-01   5.498E-01
   1.901   3.0   9.870E-02  -9.686E-02   3.368E-01   1.498E-01  -2.357E-02   4.388E-01   1.000E+00   0.000E+00   3.368E-01   4.388E-01
   1.901   5.0   1.076E-01  -1.050E-01   3.340E-01   1.519E-01  -2.952E-02   4.089E-01   1.000E+00   0.000E+00   3.340E-01   4.089E-01
   1.901   7.0   1.125E-01  -1.094E-01   3.326E-01   1.529E-01  -3.246E-02   3.861E-01   1.000E+00   0.000E+00   3.326E-01   3.861E-01
   1.901  10.0   1.159E-01  -1.124E-01   3.324E-01   1.537E-01  -3.474E-02   3.672E-01   1.000E+00   0.000E+00   3.324E-01   3.672E-01
   1.901  15.0   1.183E-01  -1.142E-01   3.365E-01   1.552E-01  -3.754E-02   3.282E-01   1.000E+00   0.000E+00   3.365E-01   3.282E-01
   1.901  20.0   1.196E-01  -1.150E-01   3.463E-01   1.575E-01  -4.157E-02   3.051E-01   1.000E+00   0.000E+00   3.463E-01   3.051E-01
   4.091   1.0   6.229E-02  -6.159E-02   4.110E-01   1.397E-01   2.146E-02   1.188E+00   2.500E-01   1.371E-01   4.110E-01   1.188E+00
   4.091   3.0   7.588E-02  -7.402E-02   4.165E-01   1.510E-01  -2.433E-02   6.170E-01   1.000E+00   0.000E+00   4.165E-01   6.170E-01
   4.091   5.0   8.270E-02  -8.021E-02   4.105E-01   1.572E-01  -3.531E-02   5.102E-01   1.000E+00   0.000E+00   4.105E-01   5.102E-01
   4.091   7.0   8.678E-02  -8.377E-02   4.076E-01   1.595E-01  -4.008E-02   4.818E-01   1.000E+00   0.000E+00   4.076E-01   4.818E-01
   4.091  10.0   9.020E-02  -8.672E-02   4.046E-01   1.627E-01  -4.553E-02   4.462E-01   1.000E+00   0.000E+00   4.046E-01   4.462E-01
   4.091  15.0   9.300E-02  -8.891E-02   4.063E-01   1.665E-01  -5.120E-02   4.025E-01   1.000E+00   0.000E+00   4.063E-01   4.025E-01
   4.091  20.0   9.605E-02  -9.143E-02   4.067E-01   1.705E-01  -5.764E-02   3.795E-01   1.000E+00   0.000E+00   4.067E-01   3.795E-01
   9.503   1.0   5.028E-02  -4.951E-02   4.730E-01   1.091E-01   1.105E-01   9.028E-01   3.500E-01   1.448E-01   4.730E-01   9.028E-01
   9.503   3.0   6.038E-02  -5.864E-02   4.807E-01   1.225E-01   1.008E-01   1.007E+00   2.500E-01   1.320E-01   4.807E-01   1.007E+00
   9.503   5.0   6.527E-02  -6.299E-02   4.742E-01   1.337E-01   5.912E-02   1.139E+00   2.500E-01   1.260E-01   4.742E-01   1.139E+00
   9.503   7.0   6.859E-02  -6.590E-02   4.704E-01   1.451E-01  -2.325E-02   1.466E+00   1.000E+00   0.000E+00   4.704E-01   1.466E+00
   9.503  10.0   7.152E-02  -6.848E-02   4.691E-01   1.477E-01  -2.927E-02   1.218E+00   1.000E+00   0.000E+00   4.691E-01   1.218E+00
   9.503  15.0   7.493E-02  -7.153E-02   4.692E-01   1.490E-01  -3.333E-02   1.108E+00   1.000E+00   0.000E+00   4.692E-01   1.108E+00
   9.503  20.0   7.829E-02  -7.466E-02   4.701E-01   1.503E-01  -3.749E-02   1.051E+00   1.000E+00   0.000E+00   4.701E-01   1.051E+00
  17.103   1.0   4.246E-02  -4.177E-02   5.156E-01   7.848E-02   1.051E-01   4.908E-01   6.500E-01   1.560E-01   5.156E-01   4.908E-01
  17.103   3.0   5.123E-02  -4.977E-02   5.265E-01   9.305E-02   1.598E-01   9.026E-01   3.500E-01   1.419E-01   5.265E-01   9.026E-01
  17.103   5.0   5.466E-02  -5.273E-02   5.246E-01   1.038E-01   1.297E-01   9.145E-01   3.500E-01   1.347E-01   5.246E-01   9.145E-01
  17.103   7.0   5.692E-02  -5.462E-02   5.236E-01   1.106E-01   1.092E-01   9.218E-01   3.500E-01   1.304E-01   5.236E-01   9.218E-01
  17.103  10.0   5.877E-02  -5.611E-02   5.271E-01   1.066E-01   1.743E-01   9.596E-01   2.500E-01   1.261E-01   5.271E-01   9.596E-01
  17.103  15.0   5.990E-02  -5.680E-02   5.418E-01   1.106E-01   1.619E-01   9.733E-01   2.500E-01   1.224E-01   5.418E-01   9.733E-01
  17.103  20.0   6.066E-02  -5.717E-02   5.588E-01   1.131E-01   1.548E-01   9.840E-01   2.500E-01   1.190E-01   5.588E-01   9.840E-01
  31.263   1.0   3.676E-02  -3.607E-02   5.401E-01   5.110E-02   1.364E-01   4.467E-01   1.000E+00   0.000E+00   5.401E-01   4.467E-01
  31.263   3.0   4.372E-02  -4.243E-02   5.473E-01   6.566E-02   1.300E-01   5.583E-01   6.500E-01   1.592E-01   5.473E-01   5.583E-01
  31.263   5.0   4.697E-02  -4.532E-02   5.424E-01   7.475E-02   1.322E-01   6.627E-01   5.500E-01   1.511E-01   5.424E-01   6.627E-01
  31.263   7.0   4.926E-02  -4.737E-02   5.392E-01   7.843E-02   1.615E-01   8.262E-01   4.500E-01   1.460E-01   5.392E-01   8.262E-01
  31.263  10.0   5.184E-02  -4.970E-02   5.258E-01   8.425E-02   1.460E-01   8.077E-01   4.500E-01   1.402E-01   5.258E-01   8.077E-01
  31.263  15.0   5.464E-02  -5.226E-02   5.195E-01   8.150E-02   2.033E-01   9.081E-01   3.500E-01   1.352E-01   5.195E-01   9.081E-01
  31.263  20.0   5.696E-02  -5.442E-02   5.131E-01   8.625E-02   1.921E-01   9.138E-01   3.500E-01   1.307E-01   5.131E-01   9.138E-01
  49.983   1.0   3.262E-02  -3.212E-02   5.744E-01   2.654E-02   1.901E-01   5.858E-01   1.000E+00   0.000E+00   5.744E-01   5.858E-01
  49.983   3.0   3.791E-02  -3.688E-02   5.764E-01   4.603E-02   1.485E-01   5.120E-01   1.000E+00   0.000E+00   5.764E-01   5.120E-01
  49.983   5.0   4.031E-02  -3.897E-02   5.733E-01   5.000E-02   1.353E-01   4.522E-01   1.000E+00   0.000E+00   5.733E-01   4.522E-01
  49.983   7.0   4.223E-02  -4.074E-02   5.715E-01   5.101E-02   1.645E-01   6.438E-01   6.500E-01   1.676E-01   5.715E-01   6.438E-01
  49.983  10.0   4.373E-02  -4.200E-02   5.674E-01   5.387E-02   1.551E-01   6.073E-01   6.500E-01   1.614E-01   5.674E-01   6.073E-01
  49.983  15.0   4.582E-02  -4.386E-02   5.587E-01   5.663E-02   1.463E-01   5.756E-01   6.500E-01   1.562E-01   5.587E-01   5.756E-01
  49.983  20.0   4.774E-02  -4.563E-02   5.501E-01   5.827E-02   1.404E-01   5.500E-01   6.500E-01   1.520E-01   5.501E-01   5.500E-01
  67.763   1.0   3.076E-02  -3.032E-02   5.824E-01   2.034E-02   2.193E-01   7.293E-01   1.000E+00   0.000E+00   5.824E-01   7.293E-01
  67.763   3.0   3.527E-02  -3.443E-02   5.857E-01   2.916E-02   1.864E-01   6.070E-01   1.000E+00   0.000E+00   5.857E-01   6.070E-01
  67.763   5.0   3.731E-02  -3.618E-02   5.831E-01   3.380E-02   1.716E-01   5.541E-01   1.000E+00   0.000E+00   5.831E-01   5.541E-01
  67.763   7.0   3.880E-02  -3.747E-02   5.767E-01   4.291E-02   1.559E-01   5.469E-01   1.000E+00   0.000E+00   5.767E-01   5.469E-01
  67.763  10.0   4.048E-02  -3.896E-02   5.688E-01   4.520E-02   1.475E-01   5.071E-01   1.000E+00   0.000E+00   5.688E-01   5.071E-01
  67.763  15.0   4.260E-02  -4.096E-02   5.646E-01   4.171E-02   1.679E-01   5.946E-01   7.500E-01   1.727E-01   5.646E-01   5.946E-01
  67.763  20.0   4.472E-02  -4.298E-02   5.556E-01   4.523E-02   1.790E-01   6.795E-01   6.500E-01   1.676E-01   5.556E-01   6.795E-01
  92.163   1.0   2.829E-02  -2.803E-02   6.178E-01   1.687E-02   2.512E-01   9.174E-01   1.000E+00   0.000E+00   6.178E-01   9.174E-01
  92.163   3.0   3.174E-02  -3.119E-02   6.227E-01   2.261E-02   2.190E-01   7.712E-01   1.000E+00   0.000E+00   6.227E-01   7.712E-01
  92.163   5.0   3.308E-02  -3.228E-02   6.285E-01   2.568E-02   2.047E-01   7.090E-01   1.000E+00   0.000E+00   6.285E-01   7.090E-01
  92.163   7.0   3.595E-02  -3.476E-02   5.703E-01   2.802E-02   1.953E-01   6.702E-01   1.000E+00   0.000E+00   5.703E-01   6.702E-01
  92.163  10.0   3.640E-02  -3.500E-02   5.806E-01   2.960E-02   1.871E-01   6.290E-01   1.000E+00   0.000E+00   5.806E-01   6.290E-01
  92.163  15.0   3.652E-02  -3.485E-02   6.000E-01   3.213E-02   1.782E-01   5.933E-01   1.000E+00   0.000E+00   6.000E-01   5.933E-01
  92.163  20.0   3.632E-02  -3.446E-02   6.219E-01   4.138E-02   1.635E-01   5.986E-01   1.000E+00   0.000E+00   6.219E-01   5.986E-01
 125.563   1.0   2.697E-02  -2.686E-02   6.129E-01   1.645E-02   2.841E-01   1.149E+00   1.000E+00   0.000E+00   6.129E-01   1.149E+00
 125.563   3.0   2.959E-02  -2.929E-02   6.172E-01   1.775E-02   2.568E-01   9.801E-01   1.000E+00   0.000E+00   6.172E-01   9.801E-01
 125.563   5.0   3.083E-02  -3.034E-02   6.210E-01   1.873E-02   2.436E-01   9.028E-01   1.000E+00   0.000E+00   6.210E-01   9.028E-01
 125.563   7.0   3.348E-02  -3.267E-02   5.647E-01   1.931E-02   2.352E-01   8.529E-01   1.000E+00   0.000E+00   5.647E-01   8.529E-01
 125.563  10.0   3.414E-02  -3.320E-02   5.692E-01   1.956E-02   2.278E-01   8.042E-01   1.000E+00   0.000E+00   5.692E-01   8.042E-01
 125.563  15.0   3.482E-02  -3.374E-02   5.780E-01   2.038E-02   2.198E-01   7.590E-01   1.000E+00   0.000E+00   5.780E-01   7.590E-01
 125.563  20.0   3.533E-02  -3.417E-02   5.885E-01   2.049E-02   2.138E-01   7.183E-01   1.000E+00   0.000E+00   5.885E-01   7.183E-01
 171.163   1.0   2.543E-02  -2.530E-02   6.102E-01   1.921E-02   3.205E-01   1.462E+00   1.000E+00   0.000E+00   6.102E-01   1.462E+00
 171.163   3.0   2.723E-02  -2.699E-02   6.149E-01   1.849E-02   2.983E-01   1.294E+00   1.000E+00   0.000E+00   6.149E-01   1.294E+00
 171.163   5.0   2.826E-02  -2.788E-02   6.185E-01   1.845E-02   2.855E-01   1.203E+00   1.000E+00   0.000E+00   6.185E-01   1.203E+00
 171.163   7.0   2.891E-02  -2.841E-02   6.202E-01   1.806E-02   2.776E-01   1.143E+00   1.000E+00   0.000E+00   6.202E-01   1.143E+00
 171.163  10.0   2.949E-02  -2.887E-02   6.206E-01   1.841E-02   2.700E-01   1.095E+00   1.000E+00   0.000E+00   6.206E-01   1.095E+00
 171.163  15.0   3.160E-02  -3.070E-02   5.701E-01   1.887E-02   2.622E-01   1.048E+00   1.000E+00   0.000E+00   5.701E-01   1.048E+00
 171.163  20.0   3.184E-02  -3.082E-02   5.749E-01   1.947E-02   2.558E-01   1.011E+00   1.000E+00   0.000E+00   5.749E-01   1.011E+00
 233.563   1.0   2.422E-02  -2.411E-02   6.092E-01   2.412E-02   3.590E-01   1.853E+00   1.000E+00   0.000E+00   6.092E-01   1.853E+00
 233.563   3.0   2.533E-02  -2.517E-02   6.117E-01   2.286E-02   3.424E-01   1.705E+00   1.000E+00   0.000E+00   6.117E-01   1.705E+00
 233.563   5.0   2.618E-02  -2.593E-02   6.155E-01   2.191E-02   3.306E-01   1.601E+00   1.000E+00   0.000E+00   6.155E-01   1.601E+00
 233.563   7.0   2.688E-02  -2.658E-02   6.157E-01   2.072E-02   3.232E-01   1.526E+00   1.000E+00   0.000E+00   6.157E-01   1.526E+00
 233.563  10.0   2.750E-02  -2.715E-02   6.172E-01   2.009E-02   3.164E-01   1.466E+00   1.000E+00   0.000E+00   6.172E-01   1.466E+00
 233.563  15.0   2.835E-02  -2.796E-02   6.165E-01   1.905E-02   3.096E-01   1.400E+00   1.000E+00   0.000E+00   6.165E-01   1.400E+00
 233.563  20.0   2.900E-02  -2.861E-02   6.180E-01   1.794E-02   3.044E-01   1.344E+00   1.000E+00   0.000E+00   6.180E-01   1.344E+00
 364.963   1.0   2.255E-02  -2.242E-02   6.044E-01   3.179E-02   4.203E-01   2.536E+00   1.000E+00   0.000E+00   6.044E-01   2.536E+00
 364.963   3.0   2.290E-02  -2.275E-02   6.037E-01   3.114E-02   4.124E-01   2.455E+00   1.000E+00   0.000E+00   6.037E-01   2.455E+00
 364.963   5.0   2.343E-02  -2.322E-02   6.052E-01   3.061E-02   4.022E-01   2.362E+00   1.000E+00   0.000E+00   6.052E-01   2.362E+00
 364.963   7.0   2.387E-02  -2.362E-02   6.057E-01   2.985E-02   3.949E-01   2.285E+00   1.000E+00   0.000E+00   6.057E-01   2.285E+00
 364.963  10.0   2.422E-02  -2.393E-02   6.115E-01   2.959E-02   3.872E-01   2.220E+00   1.000E+00   0.000E+00   6.115E-01   2.220E+00
 364.963  15.0   2.466E-02  -2.431E-02   6.205E-01   2.945E-02   3.781E-01   2.148E+00   1.000E+00   0.000E+00   6.205E-01   2.148E+00
 364.963  20.0   2.664E-02  -2.613E-02   5.658E-01   2.946E-02   3.698E-01   2.087E+00   1.000E+00   0.000E+00   5.658E-01   2.087E+00
 483.563   1.0   2.082E-02  -2.001E-02   5.334E-01   3.151E-02   4.715E-01   2.931E+00   1.000E+00   0.000E+00   5.334E-01   2.931E+00
 483.563   3.0   2.084E-02  -2.003E-02   5.353E-01   3.127E-02   4.688E-01   2.902E+00   1.000E+00   0.000E+00   5.353E-01   2.902E+00
 483.563   5.0   2.070E-02  -1.985E-02   5.490E-01   3.080E-02   4.618E-01   2.831E+00   1.000E+00   0.000E+00   5.490E-01   2.831E+00
 483.563   7.0   2.057E-02  -1.965E-02   5.581E-01   3.014E-02   4.565E-01   2.769E+00   1.000E+00   0.000E+00   5.581E-01   2.769E+00
 483.563  10.0   2.008E-02  -1.907E-02   5.817E-01   2.903E-02   4.510E-01   2.692E+00   1.000E+00   0.000E+00   5.817E-01   2.692E+00
 483.563  15.0   1.824E-02  -1.709E-02   6.586E-01   2.647E-02   4.472E-01   2.584E+00   1.000E+00   0.000E+00   6.586E-01   2.584E+00
 483.563  20.0   1.666E-02  -1.524E-02   7.167E-01   2.379E-02   4.443E-01   2.481E+00   1.000E+00   0.000E+00   7.167E-01   2.481E+00
 631.563   1.0   1.798E-02  -1.739E-02   6.488E-01   3.481E-02   5.267E-01   3.504E+00   1.000E+00   0.000E+00   6.488E-01   3.504E+00
 631.563   3.0   1.805E-02  -1.746E-02   6.411E-01   3.457E-02   5.280E-01   3.505E+00   1.000E+00   0.000E+00   6.411E-01   3.505E+00
 631.563   5.0   1.777E-02  -1.718E-02   6.536E-01   3.381E-02   5.257E-01   3.454E+00   1.000E+00   0.000E+00   6.536E-01   3.454E+00
 631.563   7.0   1.741E-02  -1.683E-02   6.647E-01   3.319E-02   5.231E-01   3.407E+00   1.000E+00   0.000E+00   6.647E-01   3.407E+00
 631.563  10.0   1.658E-02  -1.603E-02   6.952E-01   3.206E-02   5.200E-01   3.333E+00   1.000E+00   0.000E+00   6.952E-01   3.333E+00
 631.563  15.0   1.539E-02  -1.499E-02   7.757E-01   2.921E-02   5.166E-01   3.199E+00   1.000E+00   0.000E+00   7.757E-01   3.199E+00
 631.563  20.0   1.463E-02  -1.433E-02   8.191E-01   2.609E-02   5.141E-01   3.070E+00   1.000E+00   0.000E+00   8.191E-01   3.070E+00
 774.683   1.0   1.936E-02  -1.869E-02   5.705E-01   2.887E-02   5.524E-01   3.495E+00   1.000E+00   0.000E+00   5.705E-01   3.495E+00
 774.683   3.0   1.960E-02  -1.890E-02   5.494E-01   2.859E-02   5.555E-01   3.508E+00   1.000E+00   0.000E+00   5.494E-01   3.508E+00
 774.683   5.0   2.026E-02  -1.949E-02   5.028E-01   2.784E-02   5.585E-01   3.501E+00   1.000E+00   0.000E+00   5.028E-01   3.501E+00
 774.683   7.0   1.953E-02  -1.877E-02   5.226E-01   2.724E-02   5.593E-01   3.482E+00   1.000E+00   0.000E+00   5.226E-01   3.482E+00
 774.683  10.0   1.859E-02  -1.783E-02   5.411E-01   2.614E-02   5.601E-01   3.443E+00   1.000E+00   0.000E+00   5.411E-01   3.443E+00
 774.683  15.0   1.729E-02  -1.654E-02   5.477E-01   2.439E-02   5.638E-01   3.398E+00   1.000E+00   0.000E+00   5.477E-01   3.398E+00
 774.683  20.0   1.382E-02  -1.319E-02   7.226E-01   2.197E-02   5.660E-01   3.318E+00   1.000E+00   0.000E+00   7.226E-01   3.318E+00
 897.803   1.0   1.778E-02  -1.776E-02   6.222E-01   3.157E-02   5.822E-01   3.819E+00   1.000E+00   0.000E+00   6.222E-01   3.819E+00
 897.803   3.0   1.796E-02  -1.773E-02   5.939E-01   3.146E-02   5.855E-01   3.843E+00   1.000E+00   0.000E+00   5.939E-01   3.843E+00
 897.803   5.0   1.744E-02  -1.723E-02   6.123E-01   3.040E-02   5.913E-01   3.844E+00   1.000E+00   0.000E+00   6.123E-01   3.844E+00
 897.803   7.0   1.736E-02  -1.678E-02   5.703E-01   2.985E-02   5.954E-01   3.853E+00   1.000E+00   0.000E+00   5.703E-01   3.853E+00
 897.803  10.0   1.838E-02  -1.624E-02   4.262E-01   2.922E-02   5.978E-01   3.860E+00   1.000E+00   0.000E+00   4.262E-01   3.860E+00
 897.803  15.0   1.695E-02  -1.541E-02   4.650E-01   2.619E-02   6.072E-01   3.796E+00   1.000E+00   0.000E+00   4.650E-01   3.796E+00
 897.803  20.0   1.473E-02  -1.296E-02   4.957E-01   2.425E-02   6.138E-01   3.762E+00   1.000E+00   0.000E+00   4.957E-01   3.762E+00
1036.361   1.0   1.778E-02  -1.776E-02   6.222E-01   3.157E-02   5.822E-01   3.819E+00   1.000E+00   0.000E+00   6.222E-01   3.819E+00
1036.361   3.0   1.796E-02  -1.773E-02   5.939E-01   3.146E-02   5.855E-01   3.843E+00   1.000E+00   0.000E+00   5.939E-01   3.843E+00
1036.361   5.0   1.744E-02  -1.723E-02   6.123E-01   3.040E-02   5.913E-01   3.844E+00   1.000E+00   0.000E+00   6.123E-01   3.844E+00
1036.361   7.0   1.736E-02  -1.678E-02   5.703E-01   2.985E-02   5.954E-01   3.853E+00   1.000E+00   0.000E+00   5.703E-01   3.853E+00
1036.361  10.0   1.838E-02  -1.624E-02   4.262E-01   2.922E-02   5.978E-01   3.860E+00   1.000E+00   0.000E+00   4.262E-01   3.860E+00
1036.361  15.0   1.695E-02  -1.541E-02   4.650E-01   2.619E-02   6.072E-01   3.796E+00   1.000E+00   0.000E+00   4.650E-01   3.796E+00
1036.361  20.0   1.473E-02  -1.296E-02   4.957E-01   2.425E-02   6.138E-01   3.762E+00   1.000E+00   0.000E+00   4.957E-01   3.762E+00
